


ARM Macro Assembler    Page 1 


    1 00000000         ;/******************************************************
                       ***********************/
    2 00000000         ;/* STM32F10x.s: Startup file for ST STM32F10x device se
                       ries                  */
    3 00000000         ;/******************************************************
                       ***********************/
    4 00000000         ;/* <<< Use Configuration Wizard in Context Menu >>>    
                                             */
    5 00000000         ;/******************************************************
                       ***********************/
    6 00000000         ;/* This file is part of the uVision/ARM development too
                       ls.                   */
    7 00000000         ;/* Copyright (c) 2005-2007 Keil Software. All rights re
                       served.               */
    8 00000000         ;/* This software may only be used under the terms of a 
                       valid, current,       */
    9 00000000         ;/* end user licence from KEIL for a compatible version 
                       of KEIL software      */
   10 00000000         ;/* development tools. Nothing else gives you the right 
                       to use this software. */
   11 00000000         ;/******************************************************
                       ***********************/
   12 00000000         
   13 00000000         
   14 00000000         ;// <h> Stack Configuration
   15 00000000         ;//   <o> Stack Size (in Bytes) <0x0-0xFFFFFFFF:8>
   16 00000000         ;// </h>
   17 00000000         
   18 00000000 00000200 
                       Stack_Size
                               EQU              0x00000200
   19 00000000         
   20 00000000                 AREA             STACK, NOINIT, READWRITE, ALIGN
=3
   21 00000000         Stack_Mem
                               SPACE            Stack_Size
   22 00000200         __initial_sp
   23 00000200         
   24 00000200         
   25 00000200         ;// <h> Heap Configuration
   26 00000200         ;//   <o>  Heap Size (in Bytes) <0x0-0xFFFFFFFF:8>
   27 00000200         ;// </h>
   28 00000200         
   29 00000200 00000000 
                       Heap_Size
                               EQU              0x00000000
   30 00000200         
   31 00000200                 AREA             HEAP, NOINIT, READWRITE, ALIGN=
3
   32 00000000         __heap_base
   33 00000000         Heap_Mem
                               SPACE            Heap_Size
   34 00000000         __heap_limit
   35 00000000         
   36 00000000                 IMPORT           xPortPendSVHandler
   37 00000000                 IMPORT           xPortSysTickHandler
   38 00000000                 IMPORT           vPortSVCHandler
   39 00000000                 IMPORT           USB_LP_CAN1_RX0_IRQHandler
   40 00000000                 IMPORT           vUARTInterruptHandler



ARM Macro Assembler    Page 2 


   41 00000000         ;IMPORT LM_TIM2_IRQHandler
   42 00000000         
   43 00000000                 PRESERVE8
   44 00000000                 THUMB
   45 00000000         
   46 00000000         
   47 00000000         ; Vector Table Mapped to Address 0 at Reset
   48 00000000         
   49 00000000                 AREA             RESET, DATA, READONLY
   50 00000000                 EXPORT           __Vectors
   51 00000000         
   52 00000000 00000000 
                       __Vectors
                               DCD              __initial_sp ; Top of Stack
   53 00000004 00000000        DCD              Reset_Handler ; Reset Handler
   54 00000008 00000000        DCD              NMI_Handler ; NMI Handler
   55 0000000C 00000000        DCD              HardFault_Handler ; Hard Fault 
                                                            Handler
   56 00000010 00000000        DCD              MemManage_Handler 
                                                            ; MPU Fault Handler
                                                            
   57 00000014 00000000        DCD              BusFault_Handler 
                                                            ; Bus Fault Handler
                                                            
   58 00000018 00000000        DCD              UsageFault_Handler ; Usage Faul
                                                            t Handler
   59 0000001C 00000000        DCD              0           ; Reserved
   60 00000020 00000000        DCD              0           ; Reserved
   61 00000024 00000000        DCD              0           ; Reserved
   62 00000028 00000000        DCD              0           ; Reserved
   63 0000002C 00000000        DCD              vPortSVCHandler 
                                                            ; SVCall Handler
   64 00000030 00000000        DCD              DebugMon_Handler ; Debug Monito
                                                            r Handler
   65 00000034 00000000        DCD              0           ; Reserved
   66 00000038 00000000        DCD              xPortPendSVHandler 
                                                            ; PendSV Handler
   67 0000003C 00000000        DCD              xPortSysTickHandler 
                                                            ; SysTick Handler
   68 00000040         
   69 00000040         ; External Interrupts
   70 00000040 00000000        DCD              WWDG_IRQHandler 
                                                            ; Window Watchdog
   71 00000044 00000000        DCD              PVD_IRQHandler ; PVD through EX
                                                            TI Line detect
   72 00000048 00000000        DCD              TAMPER_IRQHandler ; Tamper
   73 0000004C 00000000        DCD              RTC_IRQHandler ; RTC
   74 00000050 00000000        DCD              FLASH_IRQHandler ; Flash
   75 00000054 00000000        DCD              RCC_IRQHandler ; RCC
   76 00000058 00000000        DCD              EXTI0_IRQHandler ; EXTI Line 0
   77 0000005C 00000000        DCD              EXTI1_IRQHandler ; EXTI Line 1
   78 00000060 00000000        DCD              EXTI2_IRQHandler ; EXTI Line 2
   79 00000064 00000000        DCD              EXTI3_IRQHandler ; EXTI Line 3
   80 00000068 00000000        DCD              EXTI4_IRQHandler ; EXTI Line 4
   81 0000006C 00000000        DCD              DMAChannel1_IRQHandler 
                                                            ; DMA Channel 1
   82 00000070 00000000        DCD              DMAChannel2_IRQHandler 
                                                            ; DMA Channel 2
   83 00000074 00000000        DCD              DMAChannel3_IRQHandler 



ARM Macro Assembler    Page 3 


                                                            ; DMA Channel 3
   84 00000078 00000000        DCD              DMAChannel4_IRQHandler 
                                                            ; DMA Channel 4
   85 0000007C 00000000        DCD              DMAChannel5_IRQHandler 
                                                            ; DMA Channel 5
   86 00000080 00000000        DCD              DMAChannel6_IRQHandler 
                                                            ; DMA Channel 6
   87 00000084 00000000        DCD              DMAChannel7_IRQHandler 
                                                            ; DMA Channel 7
   88 00000088 00000000        DCD              ADC_IRQHandler ; ADC
   89 0000008C 00000000        DCD              USB_HP_CAN_TX_IRQHandler ; USB 
                                                            High Priority or CA
                                                            N TX
   90 00000090 00000000        DCD              USB_LP_CAN1_RX0_IRQHandler ; US
                                                            B Low  Priority or 
                                                            CAN RX0
   91 00000094 00000000        DCD              CAN_RX1_IRQHandler ; CAN RX1
   92 00000098 00000000        DCD              CAN_SCE_IRQHandler ; CAN SCE
   93 0000009C 00000000        DCD              EXTI9_5_IRQHandler 
                                                            ; EXTI Line 9..5
   94 000000A0 00000000        DCD              TIM1_BRK_IRQHandler 
                                                            ; TIM1 Break
   95 000000A4 00000000        DCD              TIM1_UP_IRQHandler 
                                                            ; TIM1 Update
   96 000000A8 00000000        DCD              TIM1_TRG_COM_IRQHandler ; TIM1 
                                                            Trigger and Commuta
                                                            tion
   97 000000AC 00000000        DCD              TIM1_CC_IRQHandler ; TIM1 Captu
                                                            re Compare
   98 000000B0 00000000        DCD              0           ;LM_TIM2_IRQHandler
                                                            ;vTimer2IntHandler 
                                                                    ; TIM2
   99 000000B4 00000000        DCD              TIM3_IRQHandler ; TIM3
  100 000000B8 00000000        DCD              TIM4_IRQHandler ; TIM4
  101 000000BC 00000000        DCD              I2C1_EV_IRQHandler ; I2C1 Event
                                                            
  102 000000C0 00000000        DCD              I2C1_ER_IRQHandler ; I2C1 Error
                                                            
  103 000000C4 00000000        DCD              I2C2_EV_IRQHandler ; I2C2 Event
                                                            
  104 000000C8 00000000        DCD              I2C2_ER_IRQHandler ; I2C2 Error
                                                            
  105 000000CC 00000000        DCD              SPI1_IRQHandler ; SPI1
  106 000000D0 00000000        DCD              SPI2_IRQHandler ; SPI2
  107 000000D4 00000000        DCD              0           ;vUARTInterruptHand
                                                            ler    ;vUARTInterr
                                                            uptHandler     ; US
                                                            ART1
  108 000000D8 00000000        DCD              vUARTInterruptHandler ; USART2
  109 000000DC 00000000        DCD              USART3_IRQHandler ; USART3
  110 000000E0 00000000        DCD              EXTI15_10_IRQHandler 
                                                            ; EXTI Line 15..10
  111 000000E4 00000000        DCD              RTCAlarm_IRQHandler ; RTC Alarm
                                                             through EXTI Line
  112 000000E8 00000000        DCD              USBWakeUp_IRQHandler ; USB Wake
                                                            up from suspend
  113 000000EC         
  114 000000EC         
  115 000000EC                 AREA             |.text|, CODE, READONLY



ARM Macro Assembler    Page 4 


  116 00000000         
  117 00000000         
  118 00000000         ; Reset Handler
  119 00000000         
  120 00000000         ;Reset_Handler   PROC
  121 00000000         ;EXPORT  Reset_Handler             [WEAK]
  122 00000000         ;IMPORT  __main
  123 00000000         ;LDR     R0, =__main
  124 00000000         ;BX      R0
  125 00000000         ;ENDP
  126 00000000         
  127 00000000         Reset_Handler
                               PROC
  128 00000000                 EXPORT           Reset_Handler             [WEAK
]
  129 00000000                 IMPORT           __main
  130 00000000                 IMPORT           SystemInit
  131 00000000 4809            LDR              R0, =SystemInit
  132 00000002 4780            BLX              R0
  133 00000004 4809            LDR              R0, =__main
  134 00000006 4700            BX               R0
  135 00000008                 ENDP
  136 00000008         
  137 00000008         
  138 00000008         ; Dummy Exception Handlers (infinite loops which can be 
                       modified)                
  139 00000008         
  140 00000008         NMI_Handler
                               PROC
  141 00000008                 EXPORT           NMI_Handler               [WEAK
]
  142 00000008 E7FE            B                .
  143 0000000A                 ENDP
  145 0000000A         HardFault_Handler
                               PROC
  146 0000000A                 EXPORT           HardFault_Handler         [WEAK
]
  147 0000000A E7FE            B                .
  148 0000000C                 ENDP
  150 0000000C         MemManage_Handler
                               PROC
  151 0000000C                 EXPORT           MemManage_Handler         [WEAK
]
  152 0000000C E7FE            B                .
  153 0000000E                 ENDP
  155 0000000E         BusFault_Handler
                               PROC
  156 0000000E                 EXPORT           BusFault_Handler          [WEAK
]
  157 0000000E E7FE            B                .
  158 00000010                 ENDP
  160 00000010         UsageFault_Handler
                               PROC
  161 00000010                 EXPORT           UsageFault_Handler        [WEAK
]
  162 00000010 E7FE            B                .
  163 00000012                 ENDP
  164 00000012         SVC_Handler
                               PROC



ARM Macro Assembler    Page 5 


  165 00000012                 EXPORT           SVC_Handler               [WEAK
]
  166 00000012 E7FE            B                .
  167 00000014                 ENDP
  169 00000014         DebugMon_Handler
                               PROC
  170 00000014                 EXPORT           DebugMon_Handler          [WEAK
]
  171 00000014 E7FE            B                .
  172 00000016                 ENDP
  173 00000016         PendSV_Handler
                               PROC
  174 00000016                 EXPORT           PendSV_Handler            [WEAK
]
  175 00000016 E7FE            B                .
  176 00000018                 ENDP
  177 00000018         SysTick_Handler
                               PROC
  178 00000018                 EXPORT           SysTick_Handler           [WEAK
]
  179 00000018 E7FE            B                .
  180 0000001A                 ENDP
  181 0000001A         
  182 0000001A         Default_Handler
                               PROC
  183 0000001A         
  184 0000001A                 EXPORT           WWDG_IRQHandler           [WEAK
]
  185 0000001A                 EXPORT           PVD_IRQHandler            [WEAK
]
  186 0000001A                 EXPORT           TAMPER_IRQHandler         [WEAK
]
  187 0000001A                 EXPORT           RTC_IRQHandler            [WEAK
]
  188 0000001A                 EXPORT           FLASH_IRQHandler          [WEAK
]
  189 0000001A                 EXPORT           RCC_IRQHandler            [WEAK
]
  190 0000001A                 EXPORT           EXTI0_IRQHandler          [WEAK
]
  191 0000001A                 EXPORT           EXTI1_IRQHandler          [WEAK
]
  192 0000001A                 EXPORT           EXTI2_IRQHandler          [WEAK
]
  193 0000001A                 EXPORT           EXTI3_IRQHandler          [WEAK
]
  194 0000001A                 EXPORT           EXTI4_IRQHandler          [WEAK
]
  195 0000001A                 EXPORT           DMAChannel1_IRQHandler    [WEAK
]
  196 0000001A                 EXPORT           DMAChannel2_IRQHandler    [WEAK
]
  197 0000001A                 EXPORT           DMAChannel3_IRQHandler    [WEAK
]
  198 0000001A                 EXPORT           DMAChannel4_IRQHandler    [WEAK
]
  199 0000001A                 EXPORT           DMAChannel5_IRQHandler    [WEAK
]
  200 0000001A                 EXPORT           DMAChannel6_IRQHandler    [WEAK



ARM Macro Assembler    Page 6 


]
  201 0000001A                 EXPORT           DMAChannel7_IRQHandler    [WEAK
]
  202 0000001A                 EXPORT           ADC_IRQHandler            [WEAK
]
  203 0000001A                 EXPORT           USB_HP_CAN_TX_IRQHandler  [WEAK
]
  204 0000001A                 EXPORT           USB_LP_CAN_RX0_IRQHandler [WEAK
]
  205 0000001A                 EXPORT           CAN_RX1_IRQHandler        [WEAK
]
  206 0000001A                 EXPORT           CAN_SCE_IRQHandler        [WEAK
]
  207 0000001A                 EXPORT           EXTI9_5_IRQHandler        [WEAK
]
  208 0000001A                 EXPORT           TIM1_BRK_IRQHandler       [WEAK
]
  209 0000001A                 EXPORT           TIM1_UP_IRQHandler        [WEAK
]
  210 0000001A                 EXPORT           TIM1_TRG_COM_IRQHandler   [WEAK
]
  211 0000001A                 EXPORT           TIM1_CC_IRQHandler        [WEAK
]
  212 0000001A                 EXPORT           TIM2_IRQHandler           [WEAK
]
  213 0000001A                 EXPORT           TIM3_IRQHandler           [WEAK
]
  214 0000001A                 EXPORT           TIM4_IRQHandler           [WEAK
]
  215 0000001A                 EXPORT           I2C1_EV_IRQHandler        [WEAK
]
  216 0000001A                 EXPORT           I2C1_ER_IRQHandler        [WEAK
]
  217 0000001A                 EXPORT           I2C2_EV_IRQHandler        [WEAK
]
  218 0000001A                 EXPORT           I2C2_ER_IRQHandler        [WEAK
]
  219 0000001A                 EXPORT           SPI1_IRQHandler           [WEAK
]
  220 0000001A                 EXPORT           SPI2_IRQHandler           [WEAK
]
  221 0000001A                 EXPORT           USART1_IRQHandler         [WEAK
]
  222 0000001A                 EXPORT           USART2_IRQHandler         [WEAK
]
  223 0000001A                 EXPORT           USART3_IRQHandler         [WEAK
]
  224 0000001A                 EXPORT           EXTI15_10_IRQHandler      [WEAK
]
  225 0000001A                 EXPORT           RTCAlarm_IRQHandler       [WEAK
]
  226 0000001A                 EXPORT           USBWakeUp_IRQHandler      [WEAK
]
  227 0000001A         
  228 0000001A         WWDG_IRQHandler
  229 0000001A         PVD_IRQHandler
  230 0000001A         TAMPER_IRQHandler
  231 0000001A         RTC_IRQHandler
  232 0000001A         FLASH_IRQHandler



ARM Macro Assembler    Page 7 


  233 0000001A         RCC_IRQHandler
  234 0000001A         EXTI0_IRQHandler
  235 0000001A         EXTI1_IRQHandler
  236 0000001A         EXTI2_IRQHandler
  237 0000001A         EXTI3_IRQHandler
  238 0000001A         EXTI4_IRQHandler
  239 0000001A         DMAChannel1_IRQHandler
  240 0000001A         DMAChannel2_IRQHandler
  241 0000001A         DMAChannel3_IRQHandler
  242 0000001A         DMAChannel4_IRQHandler
  243 0000001A         DMAChannel5_IRQHandler
  244 0000001A         DMAChannel6_IRQHandler
  245 0000001A         DMAChannel7_IRQHandler
  246 0000001A         ADC_IRQHandler
  247 0000001A         USB_HP_CAN_TX_IRQHandler
  248 0000001A         USB_LP_CAN_RX0_IRQHandler
  249 0000001A         CAN_RX1_IRQHandler
  250 0000001A         CAN_SCE_IRQHandler
  251 0000001A         EXTI9_5_IRQHandler
  252 0000001A         TIM1_BRK_IRQHandler
  253 0000001A         TIM1_UP_IRQHandler
  254 0000001A         TIM1_TRG_COM_IRQHandler
  255 0000001A         TIM1_CC_IRQHandler
  256 0000001A         TIM2_IRQHandler
  257 0000001A         TIM3_IRQHandler
  258 0000001A         TIM4_IRQHandler
  259 0000001A         I2C1_EV_IRQHandler
  260 0000001A         I2C1_ER_IRQHandler
  261 0000001A         I2C2_EV_IRQHandler
  262 0000001A         I2C2_ER_IRQHandler
  263 0000001A         SPI1_IRQHandler
  264 0000001A         SPI2_IRQHandler
  265 0000001A         USART1_IRQHandler
  266 0000001A         USART2_IRQHandler
  267 0000001A         USART3_IRQHandler
  268 0000001A         EXTI15_10_IRQHandler
  269 0000001A         RTCAlarm_IRQHandler
  270 0000001A         USBWakeUp_IRQHandler
  271 0000001A         
  272 0000001A E7FE            B                .
  273 0000001C         
  274 0000001C                 ENDP
  275 0000001C         
  276 0000001C         
  277 0000001C                 ALIGN
  278 0000001C         
  279 0000001C         
  280 0000001C         ; User Initial Stack & Heap
  281 0000001C         
  282 0000001C                 IF               :DEF:__MICROLIB
  289 0000001C         
  290 0000001C                 IMPORT           __use_two_region_memory
  291 0000001C                 EXPORT           __user_initial_stackheap
  292 0000001C         __user_initial_stackheap
  293 0000001C         
  294 0000001C 4804            LDR              R0, =  Heap_Mem
  295 0000001E 4905            LDR              R1, =(Stack_Mem + Stack_Size)
  296 00000020 4A03            LDR              R2, = (Heap_Mem +  Heap_Size)
  297 00000022 4B05            LDR              R3, = Stack_Mem



ARM Macro Assembler    Page 8 


  298 00000024 4770            BX               LR
  299 00000026         
  300 00000026 00 00           ALIGN
  301 00000028         
  302 00000028                 ENDIF
  303 00000028         
  304 00000028         
  305 00000028                 END
              00000000 
              00000000 
              00000000 
              00000200 
              00000000 
Command Line: --debug --xref --diag_suppress=9931 --cpu=Cortex-M3 --apcs=interw
ork --depend=.\objects\stm32f10x.d -o.\objects\stm32f10x.o -IC:\ten\share\workd
ir\LMST_Node\¿ª·¢Ô´Âë\lmst_node_bootloader\prj\RTE -IC:\Keil_v5\ARM\PACK\Keil\S
TM32F1xx_DFP\2.1.0\Device\Include -IC:\Keil_v5\ARM\CMSIS\Include --predefine="_
_UVISION_VERSION SETA 520" --predefine="STM32F10X_MD SETA 1" --list=.\listings\
stm32f10x.lst ..\Common\STM32F10x.s



ARM Macro Assembler    Page 1 Alphabetic symbol ordering
Relocatable symbols

STACK 00000000

Symbol: STACK
   Definitions
      At line 20 in file ..\Common\STM32F10x.s
   Uses
      None
Comment: STACK unused
Stack_Mem 00000000

Symbol: Stack_Mem
   Definitions
      At line 21 in file ..\Common\STM32F10x.s
   Uses
      At line 295 in file ..\Common\STM32F10x.s
      At line 297 in file ..\Common\STM32F10x.s

__initial_sp 00000200

Symbol: __initial_sp
   Definitions
      At line 22 in file ..\Common\STM32F10x.s
   Uses
      At line 52 in file ..\Common\STM32F10x.s
Comment: __initial_sp used once
3 symbols



ARM Macro Assembler    Page 1 Alphabetic symbol ordering
Relocatable symbols

HEAP 00000000

Symbol: HEAP
   Definitions
      At line 31 in file ..\Common\STM32F10x.s
   Uses
      None
Comment: HEAP unused
Heap_Mem 00000000

Symbol: Heap_Mem
   Definitions
      At line 33 in file ..\Common\STM32F10x.s
   Uses
      At line 294 in file ..\Common\STM32F10x.s
      At line 296 in file ..\Common\STM32F10x.s

__heap_base 00000000

Symbol: __heap_base
   Definitions
      At line 32 in file ..\Common\STM32F10x.s
   Uses
      None
Comment: __heap_base unused
__heap_limit 00000000

Symbol: __heap_limit
   Definitions
      At line 34 in file ..\Common\STM32F10x.s
   Uses
      None
Comment: __heap_limit unused
4 symbols



ARM Macro Assembler    Page 1 Alphabetic symbol ordering
Relocatable symbols

RESET 00000000

Symbol: RESET
   Definitions
      At line 49 in file ..\Common\STM32F10x.s
   Uses
      None
Comment: RESET unused
__Vectors 00000000

Symbol: __Vectors
   Definitions
      At line 52 in file ..\Common\STM32F10x.s
   Uses
      At line 50 in file ..\Common\STM32F10x.s
Comment: __Vectors used once
2 symbols



ARM Macro Assembler    Page 1 Alphabetic symbol ordering
Relocatable symbols

.text 00000000

Symbol: .text
   Definitions
      At line 115 in file ..\Common\STM32F10x.s
   Uses
      None
Comment: .text unused
ADC_IRQHandler 0000001A

Symbol: ADC_IRQHandler
   Definitions
      At line 246 in file ..\Common\STM32F10x.s
   Uses
      At line 88 in file ..\Common\STM32F10x.s
      At line 202 in file ..\Common\STM32F10x.s

BusFault_Handler 0000000E

Symbol: BusFault_Handler
   Definitions
      At line 155 in file ..\Common\STM32F10x.s
   Uses
      At line 57 in file ..\Common\STM32F10x.s
      At line 156 in file ..\Common\STM32F10x.s

CAN_RX1_IRQHandler 0000001A

Symbol: CAN_RX1_IRQHandler
   Definitions
      At line 249 in file ..\Common\STM32F10x.s
   Uses
      At line 91 in file ..\Common\STM32F10x.s
      At line 205 in file ..\Common\STM32F10x.s

CAN_SCE_IRQHandler 0000001A

Symbol: CAN_SCE_IRQHandler
   Definitions
      At line 250 in file ..\Common\STM32F10x.s
   Uses
      At line 92 in file ..\Common\STM32F10x.s
      At line 206 in file ..\Common\STM32F10x.s

DMAChannel1_IRQHandler 0000001A

Symbol: DMAChannel1_IRQHandler
   Definitions
      At line 239 in file ..\Common\STM32F10x.s
   Uses
      At line 81 in file ..\Common\STM32F10x.s
      At line 195 in file ..\Common\STM32F10x.s

DMAChannel2_IRQHandler 0000001A

Symbol: DMAChannel2_IRQHandler
   Definitions
      At line 240 in file ..\Common\STM32F10x.s
   Uses



ARM Macro Assembler    Page 2 Alphabetic symbol ordering
Relocatable symbols

      At line 82 in file ..\Common\STM32F10x.s
      At line 196 in file ..\Common\STM32F10x.s

DMAChannel3_IRQHandler 0000001A

Symbol: DMAChannel3_IRQHandler
   Definitions
      At line 241 in file ..\Common\STM32F10x.s
   Uses
      At line 83 in file ..\Common\STM32F10x.s
      At line 197 in file ..\Common\STM32F10x.s

DMAChannel4_IRQHandler 0000001A

Symbol: DMAChannel4_IRQHandler
   Definitions
      At line 242 in file ..\Common\STM32F10x.s
   Uses
      At line 84 in file ..\Common\STM32F10x.s
      At line 198 in file ..\Common\STM32F10x.s

DMAChannel5_IRQHandler 0000001A

Symbol: DMAChannel5_IRQHandler
   Definitions
      At line 243 in file ..\Common\STM32F10x.s
   Uses
      At line 85 in file ..\Common\STM32F10x.s
      At line 199 in file ..\Common\STM32F10x.s

DMAChannel6_IRQHandler 0000001A

Symbol: DMAChannel6_IRQHandler
   Definitions
      At line 244 in file ..\Common\STM32F10x.s
   Uses
      At line 86 in file ..\Common\STM32F10x.s
      At line 200 in file ..\Common\STM32F10x.s

DMAChannel7_IRQHandler 0000001A

Symbol: DMAChannel7_IRQHandler
   Definitions
      At line 245 in file ..\Common\STM32F10x.s
   Uses
      At line 87 in file ..\Common\STM32F10x.s
      At line 201 in file ..\Common\STM32F10x.s

DebugMon_Handler 00000014

Symbol: DebugMon_Handler
   Definitions
      At line 169 in file ..\Common\STM32F10x.s
   Uses
      At line 64 in file ..\Common\STM32F10x.s
      At line 170 in file ..\Common\STM32F10x.s

Default_Handler 0000001A




ARM Macro Assembler    Page 3 Alphabetic symbol ordering
Relocatable symbols

Symbol: Default_Handler
   Definitions
      At line 182 in file ..\Common\STM32F10x.s
   Uses
      None
Comment: Default_Handler unused
EXTI0_IRQHandler 0000001A

Symbol: EXTI0_IRQHandler
   Definitions
      At line 234 in file ..\Common\STM32F10x.s
   Uses
      At line 76 in file ..\Common\STM32F10x.s
      At line 190 in file ..\Common\STM32F10x.s

EXTI15_10_IRQHandler 0000001A

Symbol: EXTI15_10_IRQHandler
   Definitions
      At line 268 in file ..\Common\STM32F10x.s
   Uses
      At line 110 in file ..\Common\STM32F10x.s
      At line 224 in file ..\Common\STM32F10x.s

EXTI1_IRQHandler 0000001A

Symbol: EXTI1_IRQHandler
   Definitions
      At line 235 in file ..\Common\STM32F10x.s
   Uses
      At line 77 in file ..\Common\STM32F10x.s
      At line 191 in file ..\Common\STM32F10x.s

EXTI2_IRQHandler 0000001A

Symbol: EXTI2_IRQHandler
   Definitions
      At line 236 in file ..\Common\STM32F10x.s
   Uses
      At line 78 in file ..\Common\STM32F10x.s
      At line 192 in file ..\Common\STM32F10x.s

EXTI3_IRQHandler 0000001A

Symbol: EXTI3_IRQHandler
   Definitions
      At line 237 in file ..\Common\STM32F10x.s
   Uses
      At line 79 in file ..\Common\STM32F10x.s
      At line 193 in file ..\Common\STM32F10x.s

EXTI4_IRQHandler 0000001A

Symbol: EXTI4_IRQHandler
   Definitions
      At line 238 in file ..\Common\STM32F10x.s
   Uses
      At line 80 in file ..\Common\STM32F10x.s
      At line 194 in file ..\Common\STM32F10x.s



ARM Macro Assembler    Page 4 Alphabetic symbol ordering
Relocatable symbols


EXTI9_5_IRQHandler 0000001A

Symbol: EXTI9_5_IRQHandler
   Definitions
      At line 251 in file ..\Common\STM32F10x.s
   Uses
      At line 93 in file ..\Common\STM32F10x.s
      At line 207 in file ..\Common\STM32F10x.s

FLASH_IRQHandler 0000001A

Symbol: FLASH_IRQHandler
   Definitions
      At line 232 in file ..\Common\STM32F10x.s
   Uses
      At line 74 in file ..\Common\STM32F10x.s
      At line 188 in file ..\Common\STM32F10x.s

HardFault_Handler 0000000A

Symbol: HardFault_Handler
   Definitions
      At line 145 in file ..\Common\STM32F10x.s
   Uses
      At line 55 in file ..\Common\STM32F10x.s
      At line 146 in file ..\Common\STM32F10x.s

I2C1_ER_IRQHandler 0000001A

Symbol: I2C1_ER_IRQHandler
   Definitions
      At line 260 in file ..\Common\STM32F10x.s
   Uses
      At line 102 in file ..\Common\STM32F10x.s
      At line 216 in file ..\Common\STM32F10x.s

I2C1_EV_IRQHandler 0000001A

Symbol: I2C1_EV_IRQHandler
   Definitions
      At line 259 in file ..\Common\STM32F10x.s
   Uses
      At line 101 in file ..\Common\STM32F10x.s
      At line 215 in file ..\Common\STM32F10x.s

I2C2_ER_IRQHandler 0000001A

Symbol: I2C2_ER_IRQHandler
   Definitions
      At line 262 in file ..\Common\STM32F10x.s
   Uses
      At line 104 in file ..\Common\STM32F10x.s
      At line 218 in file ..\Common\STM32F10x.s

I2C2_EV_IRQHandler 0000001A

Symbol: I2C2_EV_IRQHandler
   Definitions



ARM Macro Assembler    Page 5 Alphabetic symbol ordering
Relocatable symbols

      At line 261 in file ..\Common\STM32F10x.s
   Uses
      At line 103 in file ..\Common\STM32F10x.s
      At line 217 in file ..\Common\STM32F10x.s

MemManage_Handler 0000000C

Symbol: MemManage_Handler
   Definitions
      At line 150 in file ..\Common\STM32F10x.s
   Uses
      At line 56 in file ..\Common\STM32F10x.s
      At line 151 in file ..\Common\STM32F10x.s

NMI_Handler 00000008

Symbol: NMI_Handler
   Definitions
      At line 140 in file ..\Common\STM32F10x.s
   Uses
      At line 54 in file ..\Common\STM32F10x.s
      At line 141 in file ..\Common\STM32F10x.s

PVD_IRQHandler 0000001A

Symbol: PVD_IRQHandler
   Definitions
      At line 229 in file ..\Common\STM32F10x.s
   Uses
      At line 71 in file ..\Common\STM32F10x.s
      At line 185 in file ..\Common\STM32F10x.s

PendSV_Handler 00000016

Symbol: PendSV_Handler
   Definitions
      At line 173 in file ..\Common\STM32F10x.s
   Uses
      At line 174 in file ..\Common\STM32F10x.s
Comment: PendSV_Handler used once
RCC_IRQHandler 0000001A

Symbol: RCC_IRQHandler
   Definitions
      At line 233 in file ..\Common\STM32F10x.s
   Uses
      At line 75 in file ..\Common\STM32F10x.s
      At line 189 in file ..\Common\STM32F10x.s

RTCAlarm_IRQHandler 0000001A

Symbol: RTCAlarm_IRQHandler
   Definitions
      At line 269 in file ..\Common\STM32F10x.s
   Uses
      At line 111 in file ..\Common\STM32F10x.s
      At line 225 in file ..\Common\STM32F10x.s

RTC_IRQHandler 0000001A



ARM Macro Assembler    Page 6 Alphabetic symbol ordering
Relocatable symbols


Symbol: RTC_IRQHandler
   Definitions
      At line 231 in file ..\Common\STM32F10x.s
   Uses
      At line 73 in file ..\Common\STM32F10x.s
      At line 187 in file ..\Common\STM32F10x.s

Reset_Handler 00000000

Symbol: Reset_Handler
   Definitions
      At line 127 in file ..\Common\STM32F10x.s
   Uses
      At line 53 in file ..\Common\STM32F10x.s
      At line 128 in file ..\Common\STM32F10x.s

SPI1_IRQHandler 0000001A

Symbol: SPI1_IRQHandler
   Definitions
      At line 263 in file ..\Common\STM32F10x.s
   Uses
      At line 105 in file ..\Common\STM32F10x.s
      At line 219 in file ..\Common\STM32F10x.s

SPI2_IRQHandler 0000001A

Symbol: SPI2_IRQHandler
   Definitions
      At line 264 in file ..\Common\STM32F10x.s
   Uses
      At line 106 in file ..\Common\STM32F10x.s
      At line 220 in file ..\Common\STM32F10x.s

SVC_Handler 00000012

Symbol: SVC_Handler
   Definitions
      At line 164 in file ..\Common\STM32F10x.s
   Uses
      At line 165 in file ..\Common\STM32F10x.s
Comment: SVC_Handler used once
SysTick_Handler 00000018

Symbol: SysTick_Handler
   Definitions
      At line 177 in file ..\Common\STM32F10x.s
   Uses
      At line 178 in file ..\Common\STM32F10x.s
Comment: SysTick_Handler used once
TAMPER_IRQHandler 0000001A

Symbol: TAMPER_IRQHandler
   Definitions
      At line 230 in file ..\Common\STM32F10x.s
   Uses
      At line 72 in file ..\Common\STM32F10x.s
      At line 186 in file ..\Common\STM32F10x.s



ARM Macro Assembler    Page 7 Alphabetic symbol ordering
Relocatable symbols


TIM1_BRK_IRQHandler 0000001A

Symbol: TIM1_BRK_IRQHandler
   Definitions
      At line 252 in file ..\Common\STM32F10x.s
   Uses
      At line 94 in file ..\Common\STM32F10x.s
      At line 208 in file ..\Common\STM32F10x.s

TIM1_CC_IRQHandler 0000001A

Symbol: TIM1_CC_IRQHandler
   Definitions
      At line 255 in file ..\Common\STM32F10x.s
   Uses
      At line 97 in file ..\Common\STM32F10x.s
      At line 211 in file ..\Common\STM32F10x.s

TIM1_TRG_COM_IRQHandler 0000001A

Symbol: TIM1_TRG_COM_IRQHandler
   Definitions
      At line 254 in file ..\Common\STM32F10x.s
   Uses
      At line 96 in file ..\Common\STM32F10x.s
      At line 210 in file ..\Common\STM32F10x.s

TIM1_UP_IRQHandler 0000001A

Symbol: TIM1_UP_IRQHandler
   Definitions
      At line 253 in file ..\Common\STM32F10x.s
   Uses
      At line 95 in file ..\Common\STM32F10x.s
      At line 209 in file ..\Common\STM32F10x.s

TIM2_IRQHandler 0000001A

Symbol: TIM2_IRQHandler
   Definitions
      At line 256 in file ..\Common\STM32F10x.s
   Uses
      At line 212 in file ..\Common\STM32F10x.s
Comment: TIM2_IRQHandler used once
TIM3_IRQHandler 0000001A

Symbol: TIM3_IRQHandler
   Definitions
      At line 257 in file ..\Common\STM32F10x.s
   Uses
      At line 99 in file ..\Common\STM32F10x.s
      At line 213 in file ..\Common\STM32F10x.s

TIM4_IRQHandler 0000001A

Symbol: TIM4_IRQHandler
   Definitions
      At line 258 in file ..\Common\STM32F10x.s



ARM Macro Assembler    Page 8 Alphabetic symbol ordering
Relocatable symbols

   Uses
      At line 100 in file ..\Common\STM32F10x.s
      At line 214 in file ..\Common\STM32F10x.s

USART1_IRQHandler 0000001A

Symbol: USART1_IRQHandler
   Definitions
      At line 265 in file ..\Common\STM32F10x.s
   Uses
      At line 221 in file ..\Common\STM32F10x.s
Comment: USART1_IRQHandler used once
USART2_IRQHandler 0000001A

Symbol: USART2_IRQHandler
   Definitions
      At line 266 in file ..\Common\STM32F10x.s
   Uses
      At line 222 in file ..\Common\STM32F10x.s
Comment: USART2_IRQHandler used once
USART3_IRQHandler 0000001A

Symbol: USART3_IRQHandler
   Definitions
      At line 267 in file ..\Common\STM32F10x.s
   Uses
      At line 109 in file ..\Common\STM32F10x.s
      At line 223 in file ..\Common\STM32F10x.s

USBWakeUp_IRQHandler 0000001A

Symbol: USBWakeUp_IRQHandler
   Definitions
      At line 270 in file ..\Common\STM32F10x.s
   Uses
      At line 112 in file ..\Common\STM32F10x.s
      At line 226 in file ..\Common\STM32F10x.s

USB_HP_CAN_TX_IRQHandler 0000001A

Symbol: USB_HP_CAN_TX_IRQHandler
   Definitions
      At line 247 in file ..\Common\STM32F10x.s
   Uses
      At line 89 in file ..\Common\STM32F10x.s
      At line 203 in file ..\Common\STM32F10x.s

USB_LP_CAN_RX0_IRQHandler 0000001A

Symbol: USB_LP_CAN_RX0_IRQHandler
   Definitions
      At line 248 in file ..\Common\STM32F10x.s
   Uses
      At line 204 in file ..\Common\STM32F10x.s
Comment: USB_LP_CAN_RX0_IRQHandler used once
UsageFault_Handler 00000010

Symbol: UsageFault_Handler
   Definitions



ARM Macro Assembler    Page 9 Alphabetic symbol ordering
Relocatable symbols

      At line 160 in file ..\Common\STM32F10x.s
   Uses
      At line 58 in file ..\Common\STM32F10x.s
      At line 161 in file ..\Common\STM32F10x.s

WWDG_IRQHandler 0000001A

Symbol: WWDG_IRQHandler
   Definitions
      At line 228 in file ..\Common\STM32F10x.s
   Uses
      At line 70 in file ..\Common\STM32F10x.s
      At line 184 in file ..\Common\STM32F10x.s

__user_initial_stackheap 0000001C

Symbol: __user_initial_stackheap
   Definitions
      At line 292 in file ..\Common\STM32F10x.s
   Uses
      At line 291 in file ..\Common\STM32F10x.s
Comment: __user_initial_stackheap used once
56 symbols



ARM Macro Assembler    Page 1 Alphabetic symbol ordering
Absolute symbols

Heap_Size 00000000

Symbol: Heap_Size
   Definitions
      At line 29 in file ..\Common\STM32F10x.s
   Uses
      At line 33 in file ..\Common\STM32F10x.s
      At line 296 in file ..\Common\STM32F10x.s

Stack_Size 00000200

Symbol: Stack_Size
   Definitions
      At line 18 in file ..\Common\STM32F10x.s
   Uses
      At line 21 in file ..\Common\STM32F10x.s
      At line 295 in file ..\Common\STM32F10x.s

2 symbols



ARM Macro Assembler    Page 1 Alphabetic symbol ordering
External symbols

SystemInit 00000000

Symbol: SystemInit
   Definitions
      At line 130 in file ..\Common\STM32F10x.s
   Uses
      At line 131 in file ..\Common\STM32F10x.s
Comment: SystemInit used once
USB_LP_CAN1_RX0_IRQHandler 00000000

Symbol: USB_LP_CAN1_RX0_IRQHandler
   Definitions
      At line 39 in file ..\Common\STM32F10x.s
   Uses
      At line 90 in file ..\Common\STM32F10x.s
Comment: USB_LP_CAN1_RX0_IRQHandler used once
__main 00000000

Symbol: __main
   Definitions
      At line 129 in file ..\Common\STM32F10x.s
   Uses
      At line 133 in file ..\Common\STM32F10x.s
Comment: __main used once
__use_two_region_memory 00000000

Symbol: __use_two_region_memory
   Definitions
      At line 290 in file ..\Common\STM32F10x.s
   Uses
      None
Comment: __use_two_region_memory unused
vPortSVCHandler 00000000

Symbol: vPortSVCHandler
   Definitions
      At line 38 in file ..\Common\STM32F10x.s
   Uses
      At line 63 in file ..\Common\STM32F10x.s
Comment: vPortSVCHandler used once
vUARTInterruptHandler 00000000

Symbol: vUARTInterruptHandler
   Definitions
      At line 40 in file ..\Common\STM32F10x.s
   Uses
      At line 108 in file ..\Common\STM32F10x.s
Comment: vUARTInterruptHandler used once
xPortPendSVHandler 00000000

Symbol: xPortPendSVHandler
   Definitions
      At line 36 in file ..\Common\STM32F10x.s
   Uses
      At line 66 in file ..\Common\STM32F10x.s
Comment: xPortPendSVHandler used once
xPortSysTickHandler 00000000

Symbol: xPortSysTickHandler



ARM Macro Assembler    Page 2 Alphabetic symbol ordering
External symbols

   Definitions
      At line 37 in file ..\Common\STM32F10x.s
   Uses
      At line 67 in file ..\Common\STM32F10x.s
Comment: xPortSysTickHandler used once
8 symbols
411 symbols in table
